This is TeX, Version 3.14159 (preloaded format=latex_ml 2.1.18)  11 OCT 2004 16:11
**&latex_ml C:/P1-Div/techdiv.tex
(C:/P1-Div/techdiv.tex
LaTeX2e <2001/06/01>
Babel <v3.7h> and hyphenation patterns for american, english, french, german, n
german, loaded.
(C:\sw41\TCITeX\TeX\LaTeX\base\article.cls
Document Class: article 2001/04/21 v1.4e Standard LaTeX document class
(C:\sw41\TCITeX\TeX\LaTeX\base\size12.clo
File: size12.clo 2001/04/21 v1.4e Standard LaTeX file (size option)
)
\c@part=\count79
\c@section=\count80
\c@subsection=\count81
\c@subsubsection=\count82
\c@paragraph=\count83
\c@subparagraph=\count84
\c@figure=\count85
\c@table=\count86
\abovecaptionskip=\skip41
\belowcaptionskip=\skip42
\bibindent=\dimen102
)
(C:\sw41\TCITeX\TeX\LaTeX\amsmath\amsmath.sty
Package: amsmath 2000/07/18 v2.13 AMS math features
\@mathmargin=\skip43

For additional information on amsmath, use the `?' option.
(C:\sw41\TCITeX\TeX\LaTeX\amsmath\amstext.sty
Package: amstext 2000/06/29 v2.01

(C:\sw41\TCITeX\TeX\LaTeX\amsmath\amsgen.sty
File: amsgen.sty 1999/11/30 v2.0
\@emptytoks=\toks14
\ex@=\dimen103
))
(C:\sw41\TCITeX\TeX\LaTeX\amsmath\amsbsy.sty
Package: amsbsy 1999/11/29 v1.2d
\pmbraise@=\dimen104
)
(C:\sw41\TCITeX\TeX\LaTeX\amsmath\amsopn.sty
Package: amsopn 1999/12/14 v2.01 operator names
)
\inf@bad=\count87
LaTeX Info: Redefining \frac on input line 211.
\uproot@=\count88
\leftroot@=\count89
LaTeX Info: Redefining \overline on input line 307.
\classnum@=\count90
\DOTSCASE@=\count91
LaTeX Info: Redefining \ldots on input line 379.
LaTeX Info: Redefining \dots on input line 382.
LaTeX Info: Redefining \cdots on input line 467.
\Mathstrutbox@=\box26
\strutbox@=\box27
\big@size=\dimen105
LaTeX Font Info:    Redeclaring font encoding OML on input line 567.
LaTeX Font Info:    Redeclaring font encoding OMS on input line 568.
\macc@depth=\count92
\c@MaxMatrixCols=\count93
\dotsspace@=\muskip10
\c@parentequation=\count94
\dspbrk@lvl=\count95
\tag@help=\toks15
\row@=\count96
\column@=\count97
\maxfields@=\count98
\andhelp@=\toks16
\eqnshift@=\dimen106
\alignsep@=\dimen107
\tagshift@=\dimen108
\tagwidth@=\dimen109
\totwidth@=\dimen110
\lineht@=\dimen111
\@envbody=\toks17
\multlinegap=\skip44
\multlinetaggap=\skip45
\mathdisplay@stack=\toks18
LaTeX Info: Redefining \[ on input line 2666.
LaTeX Info: Redefining \] on input line 2667.
)
(C:\sw41\TCITeX\TeX\LaTeX\packages\amsfonts\amsfonts.sty
Package: amsfonts 1997/09/17 v2.2e
\symAMSa=\mathgroup4
\symAMSb=\mathgroup5
LaTeX Font Info:    Overwriting math alphabet `\mathfrak' in version `bold'
(Font)                  U/euf/m/n --> U/euf/b/n on input line 133.
)
(C:\sw41\TCITeX\TeX\latex209\contrib\misc\mitpress.sty
LaTeX style for MIT Press format.
) (C:\sw41\TCITeX\TeX\LaTeX\packages\amsfonts\amssymb.sty
Package: amssymb 1996/11/03 v2.2b
)
(C:\sw41\TCITeX\TeX\LaTeX\required\babel\babel.sty
Package: babel 2001/03/01 v3.7h The Babel package

(C:\sw41\TCITeX\TeX\LaTeX\required\babel\english.ldf
Language: english 2001/04/15 v3.3l English support from the babel system

(C:\sw41\TCITeX\TeX\LaTeX\required\babel\babel.def
File: babel.def 2001/03/01 v3.7h Babel common definitions
\babel@savecnt=\count99
\U@D=\dimen112
)
\l@canadian = a dialect from \language\l@english 
))
(C:\sw41\TCITeX\TeX\LaTeX\required\tools\enumerate.sty
Package: enumerate 1999/03/05 v3.00 enumerate extensions (DPC)
\@enLab=\toks19
)
(C:\sw41\TCITeX\TeX\LaTeX\required\graphics\graphicx.sty
Package: graphicx 1999/02/16 v1.0f Enhanced LaTeX Graphics (DPC,SPQR)

(C:\sw41\TCITeX\TeX\LaTeX\required\graphics\keyval.sty
Package: keyval 1999/03/16 v1.13 key=value parser (DPC)
\KV@toks@=\toks20
)
(C:\sw41\TCITeX\TeX\LaTeX\required\graphics\graphics.sty
Package: graphics 2001/07/07 v1.0n Standard LaTeX Graphics (DPC,SPQR)

(C:\sw41\TCITeX\TeX\LaTeX\required\graphics\trig.sty
Package: trig 1999/03/16 v1.09 sin cos tan (DPC)
)
(C:\sw41\TCITeX\TeX\LaTeX\required\graphics\graphics.cfg)
Package graphics Info: Driver file: tcidvi.def on input line 80.

(C:\sw41\TCITeX\TeX\LaTeX\required\graphics\tcidvi.def
File: tcidvi.def 1999/02/16 v3.0i Driver-dependant file (DPC,SPQR)
))
\Gin@req@height=\dimen113
\Gin@req@width=\dimen114
)
(C:\sw41\TCITeX\TeX\LaTeX\contrib\supported\harvard\harvard.sty
Package: harvard 

(C:\sw41\TCITeX\TeX\LaTeX\base\ifthen.sty
Package: ifthen 2001/05/26 v1.1c Standard LaTeX ifthen package (DPC)
))
(C:\sw41\TCITeX\TeX\LaTeX\base\inputenc.sty
Package: inputenc 2001/07/10 v0.99a Input encoding file 
)
(C:\sw41\TCITeX\TeX\LaTeX\amscls\amsthm.sty
Package: amsthm 2000/10/26 v2.08
\thm@style=\toks21
\thm@bodyfont=\toks22
\thm@headfont=\toks23
\thm@notefont=\toks24
\thm@headpunct=\toks25
\thm@preskip=\skip46
\thm@postskip=\skip47
\thm@headsep=\skip48
\dth@everypar=\toks26
)
\tabcap=\skip49
\c@theorem=\count100

(C:\sw41\TCITeX\TeX\LaTeX\tci\tcilatex.tex
TCILATEX Macros for Scientific Word 4.0 <12 Mar 2002>.
NOTICE: This macro file is NOT proprietary and may be freely copied and distrib
uted.
\@hour=\count101
\@minute=\count102
\GRAPHICSTYPE=\count103
\@msidraft=\count104
\dispkind=\count105
\c@chapter=\count106
\theight=\dimen115
LaTeX Info: Redefining \rm on input line 619.
LaTeX Info: Redefining \sf on input line 620.
LaTeX Info: Redefining \tt on input line 621.
LaTeX Info: Redefining \bf on input line 622.
LaTeX Info: Redefining \it on input line 623.
LaTeX Info: Redefining \sl on input line 624.
LaTeX Info: Redefining \sc on input line 625.
\c@equationnumber=\count107
) (.\techdiv.aux)
LaTeX Font Info:    Checking defaults for OML/cmm/m/it on input line 71.
LaTeX Font Info:    ... okay on input line 71.
LaTeX Font Info:    Checking defaults for T1/cmr/m/n on input line 71.
LaTeX Font Info:    ... okay on input line 71.
LaTeX Font Info:    Checking defaults for OT1/cmr/m/n on input line 71.
LaTeX Font Info:    ... okay on input line 71.
LaTeX Font Info:    Checking defaults for OMS/cmsy/m/n on input line 71.
LaTeX Font Info:    ... okay on input line 71.
LaTeX Font Info:    Checking defaults for OMX/cmex/m/n on input line 71.
LaTeX Font Info:    ... okay on input line 71.
LaTeX Font Info:    Checking defaults for U/cmr/m/n on input line 71.
LaTeX Font Info:    ... okay on input line 71.
LaTeX Font Info:    Try loading font information for U+msa on input line 88.
 (C:\sw41\TCITeX\TeX\LaTeX\packages\amsfonts\umsa.fd
File: umsa.fd 1995/01/05 v2.2e AMS font definitions
)
LaTeX Font Info:    Try loading font information for U+msb on input line 88.

(C:\sw41\TCITeX\TeX\LaTeX\packages\amsfonts\umsb.fd
File: umsb.fd 1995/01/05 v2.2e AMS font definitions
)
LaTeX Font Info:    Try loading font information for T1+cmtt on input line 88.

(C:\sw41\TCITeX\TeX\LaTeX\base\t1cmtt.fd
File: t1cmtt.fd 1999/05/25 v2.5h Standard LaTeX font definitions
) [0

] [1]

LaTeX Warning: Citation 'Acemoglu_Zilibotti_1997' on page 2 undefined on input 
line 160.


LaTeX Warning: Citation 'Obstfeld_1994' on page 2 undefined on input line 160.


LaTeX Warning: Citation 'Saintpaul_1992' on page 2 undefined on input line 161.



LaTeX Warning: Citation 'Greenwood-Jovanovic_1990' on page 2 undefined on input
 line 161.


LaTeX Warning: Citation 'Kraay_Ventura_2001' on page 2 undefined on input line 
184.


LaTeX Warning: Citation 'Kraay_Ventura_2001' on page 2 undefined on input line 
188.

[2]

LaTeX Warning: Citation 'Kraay_Ventura_2001' on page 3 undefined on input line 
200.

[3] [4] [5] [6]
Overfull \hbox (1.23634pt too wide) in paragraph at lines 402--404
[]\T1/cmr/m/n/12 Our pre-ferred mea-sures of volatil-ity will be the vari-ance 
of the changes
 []


Overfull \hbox (42.48108pt too wide) in paragraph at lines 416--416
[] 
 []

[7]
Overfull \hbox (8.01521pt too wide) in paragraph at lines 461--472
\T1/cmr/m/n/12 More for-mally, the num-ber of ma-chines fol-lows a continuous-t
ime, discrete-
 []

[8] [9] [10] [11] [12] [13] [14] [15] [16]
Overfull \hbox (3.6178pt too wide) in paragraph at lines 925--927
[]\T1/cmr/m/n/12 If mar-ginal util-ity, $\OML/cmm/m/it/12 M[] \OT1/cmr/m/n/12 =
 \OML/cmm/m/it/12 e[]C[]$\T1/cmr/m/n/12 , fol-lows a geo-met-ric dif-fu-sion pr
ocess
 []


LaTeX Warning: Reference `' on page 17 undefined on input line 953.

[17]
LaTeX Font Info:    Try loading font information for OMS+cmr on input line 980.

 (C:\sw41\TCITeX\TeX\LaTeX\base\omscmr.fd
File: omscmr.fd 1999/05/25 v2.5h Standard LaTeX font definitions
)
LaTeX Font Info:    Font shape `OMS/cmr/m/n' in size <12> not available
(Font)              Font shape `OMS/cmsy/m/n' tried instead on input line 980.
 [18] [19] [20]
No file techdiv.bbl.
[21] [22] [23] (.\techdiv.aux)

LaTeX Warning: There were undefined references.

 )
(\end occurred when \iffalse on line 822 was incomplete)
Here is how much of TeX's memory you used:
2360 strings out of 25860
23711 string characters out of 248172
84252 words of memory out of 262141
5212 multiletter control sequences out of 20000
22658 words of font info for 73 fonts, out of 300000 for 255
22 hyphenation exceptions out of 607
29i,15n,22p,244b,264s stack positions out of 300i,40n,60p,5000b,10000s

Output written on techdiv.dvi (24 pages, 81448 bytes).
